<?xml version="1.0" encoding="UTF-8"?>
<!-- Generated by org.testng.reporters.JUnitReportReporter -->
<testsuite hostname="LAPTOP-EQSKK21K" failures="0" tests="5" name="test_cases.TC_001_RegistrationTest" time="46.641" errors="0" timestamp="2023-11-23T18:17:05 IST" skipped="0">
  <testcase classname="test_cases.TC_001_RegistrationTest" name="testLogo" time="0.258"/>
  <testcase classname="test_cases.TC_001_RegistrationTest" name="testRegisterForm" time="12.597"/>
  <testcase classname="test_cases.TC_001_RegistrationTest" name="testRegisterForm" time="11.106"/>
  <testcase classname="test_cases.TC_001_RegistrationTest" name="testRegisterForm" time="11.029"/>
  <testcase classname="test_cases.TC_001_RegistrationTest" name="testRegisterForm" time="11.651"/>
</testsuite> <!-- test_cases.TC_001_RegistrationTest -->
